Rendering to 1150x1150 image
Loaded scene with 10 circles
Loaded scene with 10 circles
---------------------------------------------------------
Initializing CUDA for CudaRenderer
Found 1 CUDA devices
Device 0: NVIDIA GeForce RTX 2080
   SMs:        46
   Global mem: 7982 MB
   CUDA Cap:   7.5
---------------------------------------------------------
WARNING: You're not running on a fast GPU, please consider using NVIDIA RTX 2080.
---------------------------------------------------------

Running benchmark, 1 frames, beginning at frame 0 ...
Copying image data from device
Mismatch detected at pixel [236][14], value = 1.000000, expected 0.500000 for color Red
Mismatch detected at pixel [236][14], value = 1.000000, expected 0.500000 for color Green
Mismatch detected at pixel [236][15], value = 1.000000, expected 0.500000 for color Red
Mismatch detected at pixel [236][15], value = 1.000000, expected 0.500000 for color Green
Mismatch detected at pixel [236][16], value = 1.000000, expected 0.500000 for color Red
Mismatch detected at pixel [236][16], value = 1.000000, expected 0.500000 for color Green
ERROR : Mismatch detected between reference and actual
