Rendering to 1150x1150 image
Loaded scene with 100000 circles
Loaded scene with 100000 circles
---------------------------------------------------------
Initializing CUDA for CudaRenderer
Found 1 CUDA devices
Device 0: NVIDIA GeForce RTX 2080
   SMs:        46
   Global mem: 7982 MB
   CUDA Cap:   7.5
---------------------------------------------------------
WARNING: You're not running on a fast GPU, please consider using NVIDIA RTX 2080.
---------------------------------------------------------

Running benchmark, 1 frames, beginning at frame 0 ...
Copying image data from device
Mismatch detected at pixel [2][175], value = 1.058191, expected 0.919211 for color Red
Mismatch detected at pixel [2][175], value = 0.667848, expected 0.788272 for color Green
Mismatch detected at pixel [4][27], value = 0.711289, expected 0.565749 for color Green
Mismatch detected at pixel [4][28], value = 0.711289, expected 0.565749 for color Green
Mismatch detected at pixel [4][29], value = 0.711289, expected 0.565749 for color Green
Mismatch detected at pixel [4][30], value = 0.711289, expected 0.565749 for color Green
ERROR : Mismatch detected between reference and actual
