Rendering to 1150x1150 image
Loaded scene with 10000 circles
Loaded scene with 10000 circles
---------------------------------------------------------
Initializing CUDA for CudaRenderer
Found 1 CUDA devices
Device 0: NVIDIA GeForce RTX 2080
   SMs:        46
   Global mem: 7982 MB
   CUDA Cap:   7.5
---------------------------------------------------------
WARNING: You're not running on a fast GPU, please consider using NVIDIA RTX 2080.
---------------------------------------------------------

Running benchmark, 1 frames, beginning at frame 0 ...
Copying image data from device
Mismatch detected at pixel [0][877], value = 0.395404, expected 0.513244 for color Green
Mismatch detected at pixel [0][878], value = 0.394529, expected 0.512807 for color Green
Mismatch detected at pixel [0][879], value = 0.394529, expected 0.512807 for color Green
Mismatch detected at pixel [0][880], value = 0.726417, expected 0.623479 for color Red
Mismatch detected at pixel [0][880], value = 0.285718, expected 0.458401 for color Green
Mismatch detected at pixel [0][881], value = 0.726417, expected 0.623479 for color Red
ERROR : Mismatch detected between reference and actual
