Rendering to 1150x1150 image
Loaded scene with 10000 circles
Loaded scene with 10000 circles
---------------------------------------------------------
Initializing CUDA for CudaRenderer
Found 1 CUDA devices
Device 0: NVIDIA GeForce RTX 2080
   SMs:        46
   Global mem: 7982 MB
   CUDA Cap:   7.5
---------------------------------------------------------
WARNING: You're not running on a fast GPU, please consider using NVIDIA RTX 2080.
---------------------------------------------------------

Running benchmark, 1 frames, beginning at frame 0 ...
Copying image data from device
Mismatch detected at pixel [317][263], value = 0.376332, expected 0.601344 for color Red
Mismatch detected at pixel [317][264], value = 0.376332, expected 0.601344 for color Red
Mismatch detected at pixel [317][265], value = 0.376332, expected 0.601344 for color Red
Mismatch detected at pixel [317][266], value = 0.376332, expected 0.601344 for color Red
Mismatch detected at pixel [317][267], value = 0.376332, expected 0.601344 for color Red
Mismatch detected at pixel [317][268], value = 0.376332, expected 0.601344 for color Red
ERROR : Mismatch detected between reference and actual
