Rendering to 1150x1150 image
Loaded scene with 10000 circles
Loaded scene with 10000 circles
---------------------------------------------------------
Initializing CUDA for CudaRenderer
Found 1 CUDA devices
Device 0: NVIDIA GeForce RTX 2080
   SMs:        46
   Global mem: 7982 MB
   CUDA Cap:   7.5
---------------------------------------------------------
WARNING: You're not running on a fast GPU, please consider using NVIDIA RTX 2080.
---------------------------------------------------------

Running benchmark, 1 frames, beginning at frame 0 ...
Copying image data from device
Mismatch detected at pixel [0][986], value = 0.352383, expected 0.458891 for color Green
Mismatch detected at pixel [0][986], value = 0.881660, expected 0.743214 for color Blue
Mismatch detected at pixel [0][987], value = 0.352383, expected 0.458891 for color Green
Mismatch detected at pixel [0][987], value = 0.881660, expected 0.743214 for color Blue
Mismatch detected at pixel [0][988], value = 0.352383, expected 0.458891 for color Green
Mismatch detected at pixel [0][988], value = 0.881660, expected 0.743214 for color Blue
ERROR : Mismatch detected between reference and actual
